Loading required package: bbmle
Loading required package: stats4

Execution halted
Loading required package: bbmle
Loading required package: stats4
[1] "STATE 100: 0.632983556461275"
[1] "STATE 200: 0.72835285660093"
[1] "STATE 300: 0.870048107756245"
[1] "STATE 400: 0.99842982838626"
[1] "STATE 500: 0.998605857709047"
[1] "STATE 600: 0.998605857709047"
[1] "STATE 700: 0.998635474443274"
[1] "STATE 800: 0.998635474443274"
[1] "STATE 900: 0.998681396740278"
[1] "STATE 1000: 0.998645819055033"
[1] "STATE 1100: 0.998645819055033"
[1] "STATE 1200: 0.998630647322518"
[1] "STATE 1300: 0.998638365275108"
[1] "STATE 1400: 0.998638365275108"
[1] "STATE 1500: 0.998638365275108"
[1] "STATE 1600: 0.998618819118345"
[1] "STATE 1700: 0.998627480600993"
[1] "STATE 1800: 0.99865115879034"
[1] "STATE 1900: 0.998622047550938"
[1] "STATE 2000: 0.998621043830082"
[1] "STATE 2100: 0.998621043830082"
[1] "STATE 2200: 0.998615820485478"
[1] "STATE 2300: 0.998642658368189"
[1] "STATE 2400: 0.998642658368189"
[1] "STATE 2500: 0.998642658368189"
[1] "STATE 2600: 0.998642658368189"
[1] "STATE 2700: 0.998642658368189"
[1] "STATE 2800: 0.998642658368189"
[1] "STATE 2900: 0.998642658368189"
[1] "STATE 3000: 0.998642658368189"
[1] "STATE 3100: 0.998642658368189"
[1] "STATE 3200: 0.998642658368189"
[1] "STATE 3300: 0.998642658368189"
[1] "STATE 3400: 0.998642658368189"
[1] "STATE 3500: 0.998642658368189"
[1] "STATE 3600: 0.998642658368189"
[1] "STATE 3700: 0.998639432631588"
[1] "STATE 3800: 0.998639432631588"
[1] "STATE 3900: 0.998639432631588"
[1] "STATE 4000: 0.998635722660405"
[1] "STATE 4100: 0.998624268999934"
[1] "STATE 4200: 0.998624268999934"
[1] "STATE 4300: 0.998648953867488"
[1] "STATE 4400: 0.998648953867488"
[1] "STATE 4500: 0.998665610591558"
[1] "STATE 4600: 0.998665610591558"
[1] "STATE 4700: 0.998619593559188"
[1] "STATE 4800: 0.998668267028038"
[1] "STATE 4900: 0.998651403301424"
[1] "STATE 5000: 0.998670910354463"
[1] "STATE 5100: 0.998629314544543"
[1] "STATE 5200: 0.998668967818448"
[1] "STATE 5300: 0.998686421088722"
[1] "STATE 5400: 0.998618823758593"
[1] "STATE 5500: 0.998618823758593"
[1] "STATE 5600: 0.998632181744571"
[1] "STATE 5700: 0.998632181744571"
[1] "STATE 5800: 0.998632181744571"
[1] "STATE 5900: 0.998704855488232"
[1] "STATE 6000: 0.998650365495812"
[1] "STATE 6100: 0.998627587159641"
[1] "STATE 6200: 0.998633672918741"
[1] "STATE 6300: 0.998664726731064"
[1] "STATE 6400: 0.998664726731064"
[1] "STATE 6500: 0.998664726731064"
[1] "STATE 6600: 0.998650361036432"
[1] "STATE 6700: 0.998673326978724"
[1] "STATE 6800: 0.998618141952552"
[1] "STATE 6900: 0.998631198977213"
[1] "STATE 7000: 0.998631198977213"
[1] "STATE 7100: 0.998631198977213"
[1] "STATE 7200: 0.998662351563799"
[1] "STATE 7300: 0.998665228448586"
[1] "STATE 7400: 0.998665228448586"
[1] "STATE 7500: 0.998665228448586"
[1] "STATE 7600: 0.998665228448586"
[1] "STATE 7700: 0.998665228448586"
[1] "STATE 7800: 0.998658919445862"
[1] "STATE 7900: 0.998658919445862"
[1] "STATE 8000: 0.998658919445862"
[1] "STATE 8100: 0.998658919445862"
[1] "STATE 8200: 0.998650866141909"
[1] "STATE 8300: 0.998662426240384"
[1] "STATE 8400: 0.998618867126931"
[1] "STATE 8500: 0.998618867126931"
[1] "STATE 8600: 0.998618867126931"
[1] "STATE 8700: 0.998618867126931"
[1] "STATE 8800: 0.998636558140125"
[1] "STATE 8900: 0.998636558140125"
[1] "STATE 9000: 0.998636558140125"
[1] "STATE 9100: 0.998651598132862"
[1] "STATE 9200: 0.998669215412627"
[1] "STATE 9300: 0.998660553589494"
[1] "STATE 9400: 0.998660553589494"
[1] "STATE 9500: 0.998665683631724"
[1] "STATE 9600: 0.998633382304338"
[1] "STATE 9700: 0.998623087932518"
[1] "STATE 9800: 0.998671301437366"
[1] "STATE 9900: 0.998632638586694"
[1] "STATE 10000: 0.998632638586694"
[1] "STATE 10100: 0.99865930903609"
[1] "STATE 10200: 0.998641860986727"
[1] "STATE 10300: 0.998648565488664"
[1] "STATE 10400: 0.998629871415993"
[1] "STATE 10500: 0.998639324174921"
[1] "STATE 10600: 0.998639324174921"
[1] "STATE 10700: 0.998639324174921"
[1] "STATE 10800: 0.998639324174921"
[1] "STATE 10900: 0.998639324174921"
[1] "STATE 11000: 0.998648012691996"
[1] "STATE 11100: 0.998635237725132"
[1] "STATE 11200: 0.998663069015158"
[1] "STATE 11300: 0.998663069015158"
[1] "STATE 11400: 0.998607867410695"
[1] "STATE 11500: 0.998654812826975"
[1] "STATE 11600: 0.998654812826975"
[1] "STATE 11700: 0.99863199179308"
[1] "STATE 11800: 0.99863199179308"
[1] "STATE 11900: 0.99863199179308"
[1] "STATE 12000: 0.998647570934108"
[1] "STATE 12100: 0.998647570934108"
[1] "STATE 12200: 0.998647570934108"
[1] "STATE 12300: 0.998630430126164"
[1] "STATE 12400: 0.998646617536753"
[1] "STATE 12500: 0.998625668234013"
[1] "STATE 12600: 0.998673484554489"
[1] "STATE 12700: 0.998613375890381"
[1] "STATE 12800: 0.998613375890381"
[1] "STATE 12900: 0.998674122151034"
[1] "STATE 13000: 0.99868248842929"
[1] "STATE 13100: 0.998607390599328"
[1] "STATE 13200: 0.998592873487535"
[1] "STATE 13300: 0.998592873487535"
[1] "STATE 13400: 0.998609024883295"
[1] "STATE 13500: 0.998609024883295"
[1] "STATE 13600: 0.998625640051361"
[1] "STATE 13700: 0.998625640051361"
[1] "STATE 13800: 0.998649473702312"
[1] "STATE 13900: 0.998608603253972"
[1] "STATE 14000: 0.998613000754188"
[1] "STATE 14100: 0.998602443699387"
[1] "STATE 14200: 0.998658301261881"
[1] "STATE 14300: 0.99861198388987"
[1] "STATE 14400: 0.998684998495203"
[1] "STATE 14500: 0.998715600454611"
[1] "STATE 14600: 0.998587891373795"
[1] "STATE 14700: 0.998643489386552"
[1] "STATE 14800: 0.998627236105708"
[1] "STATE 14900: 0.998627236105708"
[1] "STATE 15000: 0.998658102480297"
[1] "STATE 15100: 0.998612293853711"
[1] "STATE 15200: 0.998612293853711"
[1] "STATE 15300: 0.998643457114402"
[1] "STATE 15400: 0.998634292161428"
[1] "STATE 15500: 0.998634292161428"
[1] "STATE 15600: 0.998634292161428"
[1] "STATE 15700: 0.998663212639762"
[1] "STATE 15800: 0.998663212639762"
[1] "STATE 15900: 0.99867242326511"
[1] "STATE 16000: 0.99867242326511"
[1] "STATE 16100: 0.998654249295921"
[1] "STATE 16200: 0.998625790636555"
[1] "STATE 16300: 0.998625790636555"
[1] "STATE 16400: 0.998637033806935"
[1] "STATE 16500: 0.998615956242233"
[1] "STATE 16600: 0.998646145911417"
[1] "STATE 16700: 0.998646145911417"
[1] "STATE 16800: 0.998646145911417"
[1] "STATE 16900: 0.998646145911417"
[1] "STATE 17000: 0.998646145911417"
[1] "STATE 17100: 0.998660930349458"
[1] "STATE 17200: 0.998660930349458"
[1] "STATE 17300: 0.998594732821428"
[1] "STATE 17400: 0.998642041448778"
[1] "STATE 17500: 0.998660541248676"
[1] "STATE 17600: 0.998636413841336"
[1] "STATE 17700: 0.998636413841336"
[1] "STATE 17800: 0.998636413841336"
[1] "STATE 17900: 0.998622583869841"
[1] "STATE 18000: 0.998651448288085"
[1] "STATE 18100: 0.998663047453208"
[1] "STATE 18200: 0.998675739286294"
[1] "STATE 18300: 0.998660652666124"
[1] "STATE 18400: 0.998660652666124"
[1] "STATE 18500: 0.998656836681175"
[1] "STATE 18600: 0.998638013738365"
[1] "STATE 18700: 0.998638013738365"
[1] "STATE 18800: 0.998638013738365"
[1] "STATE 18900: 0.998638013738365"
[1] "STATE 19000: 0.998634682431259"
[1] "STATE 19100: 0.998633653199598"
[1] "STATE 19200: 0.99861967097101"
[1] "STATE 19300: 0.99861967097101"
[1] "STATE 19400: 0.998648480411771"
[1] "STATE 19500: 0.998631001784819"
[1] "STATE 19600: 0.998652431816545"
[1] "STATE 19700: 0.998648400633236"
[1] "STATE 19800: 0.998666206263074"
[1] "STATE 19900: 0.998652697879003"
[1] "STATE 20000: 0.998616485414861"
[1] "STATE 20100: 0.998666938230998"
[1] "STATE 20200: 0.998666938230998"
[1] "STATE 20300: 0.998650243136591"
[1] "STATE 20400: 0.998626973001951"
[1] "STATE 20500: 0.998626973001951"
[1] "STATE 20600: 0.998638939917115"
[1] "STATE 20700: 0.998622564979402"
[1] "STATE 20800: 0.998622564979402"
[1] "STATE 20900: 0.998622564979402"
[1] "STATE 21000: 0.998614043693313"
[1] "STATE 21100: 0.998668870174401"
[1] "STATE 21200: 0.998668870174401"
[1] "STATE 21300: 0.998627414435115"
[1] "STATE 21400: 0.998662688920702"
[1] "STATE 21500: 0.998662688920702"
[1] "STATE 21600: 0.998645710407101"
[1] "STATE 21700: 0.998645710407101"
[1] "STATE 21800: 0.998600302715967"
[1] "STATE 21900: 0.998641097228999"
[1] "STATE 22000: 0.998641125755539"
[1] "STATE 22100: 0.998636416065635"
[1] "STATE 22200: 0.998598497356331"
[1] "STATE 22300: 0.998598497356331"
[1] "STATE 22400: 0.998634585045527"
[1] "STATE 22500: 0.998693869530179"
[1] "STATE 22600: 0.998614987984941"
[1] "STATE 22700: 0.998604166030148"
[1] "STATE 22800: 0.998617605086743"
[1] "STATE 22900: 0.998605013884528"
[1] "STATE 23000: 0.998605013884528"
[1] "STATE 23100: 0.998597245517718"
[1] "STATE 23200: 0.998656674862128"
[1] "STATE 23300: 0.998680632842579"
[1] "STATE 23400: 0.998650040080104"
[1] "STATE 23500: 0.998648257681685"
[1] "STATE 23600: 0.998666560622266"
[1] "STATE 23700: 0.998666560622266"
[1] "STATE 23800: 0.998666560622266"
[1] "STATE 23900: 0.998626708102538"
[1] "STATE 24000: 0.998655034894968"
[1] "STATE 24100: 0.99862759133299"
[1] "STATE 24200: 0.998600497704924"
[1] "STATE 24300: 0.998657958383301"
[1] "STATE 24400: 0.998632806524172"
[1] "STATE 24500: 0.998632806524172"
[1] "STATE 24600: 0.99865321184243"
[1] "STATE 24700: 0.998659503880397"
[1] "STATE 24800: 0.998662864248272"
[1] "STATE 24900: 0.998675817803336"
[1] "STATE 25000: 0.998609353731943"
[1] "STATE 25100: 0.9986335528306"
[1] "STATE 25200: 0.9986335528306"
[1] "STATE 25300: 0.9986335528306"
[1] "STATE 25400: 0.9986335528306"
[1] "STATE 25500: 0.9986335528306"
[1] "STATE 25600: 0.998626266655897"
[1] "STATE 25700: 0.998626266655897"
[1] "STATE 25800: 0.99864301858753"
[1] "STATE 25900: 0.99864623756062"
[1] "STATE 26000: 0.998629622555185"
[1] "STATE 26100: 0.998629622555185"
[1] "STATE 26200: 0.998578154435133"
[1] "STATE 26300: 0.998679412900187"
[1] "STATE 26400: 0.998679412900187"
[1] "STATE 26500: 0.998660034348634"
[1] "STATE 26600: 0.998660034348634"
[1] "STATE 26700: 0.998660034348634"
[1] "STATE 26800: 0.998647193521973"
[1] "STATE 26900: 0.998609070086309"
[1] "STATE 27000: 0.998661831426667"
[1] "STATE 27100: 0.998594862724222"
[1] "STATE 27200: 0.99860235934538"
[1] "STATE 27300: 0.998628806475606"
[1] "STATE 27400: 0.99862776742921"
[1] "STATE 27500: 0.998616829036982"
[1] "STATE 27600: 0.998616829036982"
[1] "STATE 27700: 0.998593179006303"
[1] "STATE 27800: 0.998660016183728"
[1] "STATE 27900: 0.998660016183728"
[1] "STATE 28000: 0.998660016183728"
[1] "STATE 28100: 0.998660016183728"
[1] "STATE 28200: 0.998660016183728"
[1] "STATE 28300: 0.998665306369313"
[1] "STATE 28400: 0.998650466926725"
[1] "STATE 28500: 0.99864655494658"
[1] "STATE 28600: 0.99864655494658"
[1] "STATE 28700: 0.99864655494658"
[1] "STATE 28800: 0.998613971636092"
[1] "STATE 28900: 0.998613971636092"
[1] "STATE 29000: 0.998613971636092"
[1] "STATE 29100: 0.998613971636092"
[1] "STATE 29200: 0.998614883839373"
[1] "STATE 29300: 0.998616705689843"
[1] "STATE 29400: 0.998637621908489"
[1] "STATE 29500: 0.998637621908489"
[1] "STATE 29600: 0.998633789223004"
[1] "STATE 29700: 0.998633789223004"
[1] "STATE 29800: 0.998639131938001"
[1] "STATE 29900: 0.998646833615753"
[1] "STATE 30000: 0.998646833615753"
[1] "STATE 30100: 0.998646833615753"
[1] "STATE 30200: 0.998640961892102"
[1] "STATE 30300: 0.998640961892102"
[1] "STATE 30400: 0.998669879871449"
[1] "STATE 30500: 0.998637983221912"
[1] "STATE 30600: 0.998665889294313"
[1] "STATE 30700: 0.998622217830153"
[1] "STATE 30800: 0.998661323374935"
[1] "STATE 30900: 0.99867692432486"
[1] "STATE 31000: 0.998597592473589"
[1] "STATE 31100: 0.998668084254217"
[1] "STATE 31200: 0.998668084254217"
[1] "STATE 31300: 0.998690118886409"
[1] "STATE 31400: 0.998690118886409"
[1] "STATE 31500: 0.998690118886409"
[1] "STATE 31600: 0.998630386883437"
[1] "STATE 31700: 0.998630386883437"
[1] "STATE 31800: 0.998653434632287"
[1] "STATE 31900: 0.998612683333109"
[1] "STATE 32000: 0.998593745808603"
[1] "STATE 32100: 0.998593745808603"
[1] "STATE 32200: 0.998653826717288"
[1] "STATE 32300: 0.998627391283364"
[1] "STATE 32400: 0.998641849747099"
[1] "STATE 32500: 0.998641733056157"
[1] "STATE 32600: 0.998612657028854"
[1] "STATE 32700: 0.998612657028854"
[1] "STATE 32800: 0.99862999678159"
[1] "STATE 32900: 0.99862999678159"
[1] "STATE 33000: 0.99862999678159"
[1] "STATE 33100: 0.99862999678159"
[1] "STATE 33200: 0.998655011399144"
[1] "STATE 33300: 0.998624312569894"
[1] "STATE 33400: 0.998645393714732"
[1] "STATE 33500: 0.998671060063771"
[1] "STATE 33600: 0.998637227354803"
[1] "STATE 33700: 0.998643810402041"
[1] "STATE 33800: 0.998643810402041"
[1] "STATE 33900: 0.998643810402041"
[1] "STATE 34000: 0.998610971608332"
[1] "STATE 34100: 0.998605861312725"
[1] "STATE 34200: 0.998680421957469"
[1] "STATE 34300: 0.998672550787659"
[1] "STATE 34400: 0.998672550787659"
[1] "STATE 34500: 0.998672550787659"
[1] "STATE 34600: 0.998573022001325"
[1] "STATE 34700: 0.998573022001325"
[1] "STATE 34800: 0.998650915469903"
[1] "STATE 34900: 0.998650915469903"
[1] "STATE 35000: 0.998658646037991"
[1] "STATE 35100: 0.998628290853593"
[1] "STATE 35200: 0.99860592931566"
[1] "STATE 35300: 0.99860592931566"
[1] "STATE 35400: 0.99860592931566"
[1] "STATE 35500: 0.99860592931566"
[1] "STATE 35600: 0.998626420472185"
[1] "STATE 35700: 0.998627757702096"
[1] "STATE 35800: 0.998627757702096"
[1] "STATE 35900: 0.998627757702096"
[1] "STATE 36000: 0.998655118090479"
[1] "STATE 36100: 0.998655118090479"
[1] "STATE 36200: 0.998655118090479"
[1] "STATE 36300: 0.998655118090479"
[1] "STATE 36400: 0.998655118090479"
[1] "STATE 36500: 0.998634283316441"
[1] "STATE 36600: 0.998634283316441"
[1] "STATE 36700: 0.998634283316441"
[1] "STATE 36800: 0.998625164061262"
[1] "STATE 36900: 0.998626408998122"
[1] "STATE 37000: 0.998662335126244"
[1] "STATE 37100: 0.998659371499926"
[1] "STATE 37200: 0.998625326245312"
[1] "STATE 37300: 0.998625326245312"
[1] "STATE 37400: 0.998673443427797"
[1] "STATE 37500: 0.99860458790192"
[1] "STATE 37600: 0.998636687630923"
[1] "STATE 37700: 0.998636687630923"
[1] "STATE 37800: 0.99860076733948"
[1] "STATE 37900: 0.998607420395436"
[1] "STATE 38000: 0.998607420395436"
[1] "STATE 38100: 0.998608137268848"
[1] "STATE 38200: 0.99862065426292"
[1] "STATE 38300: 0.99862065426292"
[1] "STATE 38400: 0.998598864775353"
[1] "STATE 38500: 0.99861095451862"
[1] "STATE 38600: 0.99866082489084"
[1] "STATE 38700: 0.998647984011127"
[1] "STATE 38800: 0.998649822633224"
[1] "STATE 38900: 0.998649822633224"
[1] "STATE 39000: 0.998626923978151"
[1] "STATE 39100: 0.998626915703394"
[1] "STATE 39200: 0.998666663659527"
[1] "STATE 39300: 0.998628752391348"
[1] "STATE 39400: 0.998650072155176"
[1] "STATE 39500: 0.998643326679171"
[1] "STATE 39600: 0.998643326679171"
[1] "STATE 39700: 0.998643326679171"
[1] "STATE 39800: 0.998598900370838"
[1] "STATE 39900: 0.998614453157874"
[1] "STATE 40000: 0.998628905917486"
[1] "STATE 40100: 0.998657308591805"
[1] "STATE 40200: 0.998643159337288"
[1] "STATE 40300: 0.998643159337288"
[1] "STATE 40400: 0.998643159337288"
[1] "STATE 40500: 0.998643159337288"
[1] "STATE 40600: 0.998643159337288"
[1] "STATE 40700: 0.998643159337288"
[1] "STATE 40800: 0.998638599862276"
[1] "STATE 40900: 0.998638599862276"
[1] "STATE 41000: 0.998644088531799"
[1] "STATE 41100: 0.99862352189827"
[1] "STATE 41200: 0.998646278627989"
[1] "STATE 41300: 0.9986483582832"
[1] "STATE 41400: 0.9986483582832"
[1] "STATE 41500: 0.998631270647259"
[1] "STATE 41600: 0.998699747926171"
[1] "STATE 41700: 0.998674980962034"
[1] "STATE 41800: 0.998674980962034"
[1] "STATE 41900: 0.998630717808824"
[1] "STATE 42000: 0.998643559180196"
[1] "STATE 42100: 0.998669468566645"
[1] "STATE 42200: 0.998640382227612"
[1] "STATE 42300: 0.998657670061746"
[1] "STATE 42400: 0.998657670061746"
[1] "STATE 42500: 0.998657670061746"
[1] "STATE 42600: 0.998654553570234"
[1] "STATE 42700: 0.998654553570234"
[1] "STATE 42800: 0.998614970173421"
[1] "STATE 42900: 0.998613266037778"
[1] "STATE 43000: 0.998613266037778"
[1] "STATE 43100: 0.998613266037778"
[1] "STATE 43200: 0.998613266037778"
[1] "STATE 43300: 0.998613266037778"
[1] "STATE 43400: 0.99865923558653"
[1] "STATE 43500: 0.998658951836892"
[1] "STATE 43600: 0.998694547235441"
[1] "STATE 43700: 0.998694547235441"
[1] "STATE 43800: 0.998663698492165"
[1] "STATE 43900: 0.998627662293906"
[1] "STATE 44000: 0.998616848855202"
[1] "STATE 44100: 0.998627361034524"
[1] "STATE 44200: 0.998675719587168"
[1] "STATE 44300: 0.998675719587168"
[1] "STATE 44400: 0.998675719587168"
[1] "STATE 44500: 0.998612346780162"
[1] "STATE 44600: 0.998627267964355"
[1] "STATE 44700: 0.998624243237018"
[1] "STATE 44800: 0.998624243237018"
[1] "STATE 44900: 0.998646878963855"
[1] "STATE 45000: 0.998646878963855"
[1] "STATE 45100: 0.998657467100302"
[1] "STATE 45200: 0.998657467100302"
[1] "STATE 45300: 0.998657467100302"
[1] "STATE 45400: 0.998616275728967"
[1] "STATE 45500: 0.998616275728967"
[1] "STATE 45600: 0.998635910799623"
[1] "STATE 45700: 0.998635910799623"
[1] "STATE 45800: 0.998635910799623"
[1] "STATE 45900: 0.998671287806996"
[1] "STATE 46000: 0.998662822204081"
[1] "STATE 46100: 0.998682765634322"
[1] "STATE 46200: 0.998662442322002"
[1] "STATE 46300: 0.998628945308115"
[1] "STATE 46400: 0.998628945308115"
[1] "STATE 46500: 0.998626236506677"
[1] "STATE 46600: 0.998626236506677"
[1] "STATE 46700: 0.998646127017992"
[1] "STATE 46800: 0.998678285467605"
[1] "STATE 46900: 0.998678285467605"
[1] "STATE 47000: 0.998678285467605"
[1] "STATE 47100: 0.998661454280223"
[1] "STATE 47200: 0.998661454280223"
[1] "STATE 47300: 0.998605361277879"
[1] "STATE 47400: 0.998605361277879"
[1] "STATE 47500: 0.998654408865322"
[1] "STATE 47600: 0.998667659395764"
[1] "STATE 47700: 0.998662384611485"
[1] "STATE 47800: 0.998623692224295"
[1] "STATE 47900: 0.998650566232913"
[1] "STATE 48000: 0.998638607943765"
[1] "STATE 48100: 0.998649585265914"
[1] "STATE 48200: 0.998574353214495"
[1] "STATE 48300: 0.998574353214495"
[1] "STATE 48400: 0.998653338374745"
[1] "STATE 48500: 0.99862443817084"
[1] "STATE 48600: 0.99865124410671"
[1] "STATE 48700: 0.99865124410671"
[1] "STATE 48800: 0.99865124410671"
[1] "STATE 48900: 0.998626425605973"
[1] "STATE 49000: 0.998692281138673"
[1] "STATE 49100: 0.998624786133784"
[1] "STATE 49200: 0.998627690617371"
[1] "STATE 49300: 0.998644021957823"
[1] "STATE 49400: 0.998623922559519"
[1] "STATE 49500: 0.998623922559519"
[1] "STATE 49600: 0.998623922559519"
[1] "STATE 49700: 0.998623922559519"
[1] "STATE 49800: 0.998618123901954"
[1] "STATE 49900: 0.998690425735942"
[1] "STATE 50000: 0.998664569756351"
[1] "STATE 50100: 0.99859525045136"
[1] "STATE 50200: 0.99859525045136"
[1] "STATE 50300: 0.998680235135177"
[1] "STATE 50400: 0.998680235135177"
[1] "STATE 50500: 0.998609509027943"
[1] "STATE 50600: 0.998609509027943"
[1] "STATE 50700: 0.998633378986455"
[1] "STATE 50800: 0.998633378986455"
[1] "STATE 50900: 0.998680130250453"
[1] "STATE 51000: 0.998684470866527"
[1] "STATE 51100: 0.998693198736588"
[1] "STATE 51200: 0.998693198736588"
[1] "STATE 51300: 0.998675310769364"
[1] "STATE 51400: 0.998603725265607"
[1] "STATE 51500: 0.998639455465839"
[1] "STATE 51600: 0.998599823231911"
[1] "STATE 51700: 0.998599823231911"
[1] "STATE 51800: 0.998600779141277"
[1] "STATE 51900: 0.99862308905537"
[1] "STATE 52000: 0.998622625628104"
[1] "STATE 52100: 0.9986456377872"
[1] "STATE 52200: 0.9986456377872"
[1] "STATE 52300: 0.99864097629456"
[1] "STATE 52400: 0.998659880220031"
[1] "STATE 52500: 0.998659880220031"
[1] "STATE 52600: 0.998626968392655"
[1] "STATE 52700: 0.998666113318627"
[1] "STATE 52800: 0.998666113318627"
[1] "STATE 52900: 0.998666113318627"
[1] "STATE 53000: 0.998649602992173"
[1] "STATE 53100: 0.998662569455938"
[1] "STATE 53200: 0.998619107129308"
[1] "STATE 53300: 0.998591069295923"
[1] "STATE 53400: 0.998591069295923"
[1] "STATE 53500: 0.998658799015425"
[1] "STATE 53600: 0.998658799015425"
[1] "STATE 53700: 0.998659167948065"
[1] "STATE 53800: 0.998654884766469"
[1] "STATE 53900: 0.998628163457536"
[1] "STATE 54000: 0.998628868241378"
[1] "STATE 54100: 0.998627252520311"
[1] "STATE 54200: 0.998674446763288"
[1] "STATE 54300: 0.998674446763288"
[1] "STATE 54400: 0.998635783998016"
[1] "STATE 54500: 0.998635783998016"
[1] "STATE 54600: 0.998609252111211"
[1] "STATE 54700: 0.998646464614562"
[1] "STATE 54800: 0.998646464614562"
[1] "STATE 54900: 0.998630783162792"
[1] "STATE 55000: 0.99858316609585"
[1] "STATE 55100: 0.998646276326759"
[1] "STATE 55200: 0.998643023067211"
[1] "STATE 55300: 0.998667591780889"
[1] "STATE 55400: 0.998646260282218"
[1] "STATE 55500: 0.99863248919888"
[1] "STATE 55600: 0.998675518686914"
[1] "STATE 55700: 0.998641888973906"
[1] "STATE 55800: 0.998684122044503"
[1] "STATE 55900: 0.998620300385956"
[1] "STATE 56000: 0.998620300385956"
[1] "STATE 56100: 0.998620300385956"
[1] "STATE 56200: 0.998630469003059"
[1] "STATE 56300: 0.998630469003059"
[1] "STATE 56400: 0.998635653452945"
[1] "STATE 56500: 0.998670676647754"
[1] "STATE 56600: 0.998632821168738"
[1] "STATE 56700: 0.998628697990096"
[1] "STATE 56800: 0.998676221042676"
[1] "STATE 56900: 0.998643620585395"
[1] "STATE 57000: 0.998582593219943"
[1] "STATE 57100: 0.998672007097966"
[1] "STATE 57200: 0.998658041103326"
[1] "STATE 57300: 0.998658041103326"
[1] "STATE 57400: 0.998648401082899"
[1] "STATE 57500: 0.998625119415268"
[1] "STATE 57600: 0.998641203437005"
[1] "STATE 57700: 0.998641203437005"
[1] "STATE 57800: 0.998641203437005"
[1] "STATE 57900: 0.998641203437005"
[1] "STATE 58000: 0.998598213454517"
[1] "STATE 58100: 0.998639333070044"
[1] "STATE 58200: 0.998639333070044"
[1] "STATE 58300: 0.99860215529574"
[1] "STATE 58400: 0.998622569123401"
[1] "STATE 58500: 0.998632595367726"
[1] "STATE 58600: 0.998617902446076"
[1] "STATE 58700: 0.998639808328251"
[1] "STATE 58800: 0.998639808328251"
[1] "STATE 58900: 0.998629521034855"
[1] "STATE 59000: 0.998654195325211"
[1] "STATE 59100: 0.998628911436474"
[1] "STATE 59200: 0.998628911436474"
[1] "STATE 59300: 0.998679686645826"
[1] "STATE 59400: 0.998631387011204"
[1] "STATE 59500: 0.998668338204021"
[1] "STATE 59600: 0.998668338204021"
[1] "STATE 59700: 0.998675473159503"
[1] "STATE 59800: 0.99867488364925"
[1] "STATE 59900: 0.998602865146106"
[1] "STATE 60000: 0.998593043603726"
[1] "STATE 60100: 0.998655876119318"
[1] "STATE 60200: 0.998670002126057"
[1] "STATE 60300: 0.998635208382625"
[1] "STATE 60400: 0.998623642027712"
[1] "STATE 60500: 0.998623180554241"
[1] "STATE 60600: 0.998631158669822"
[1] "STATE 60700: 0.998678853424063"
[1] "STATE 60800: 0.998678853424063"
[1] "STATE 60900: 0.998628659911267"
[1] "STATE 61000: 0.998628659911267"
[1] "STATE 61100: 0.998628659911267"
[1] "STATE 61200: 0.998628659911267"
[1] "STATE 61300: 0.998655316490718"
[1] "STATE 61400: 0.998680970130273"
[1] "STATE 61500: 0.998680970130273"
[1] "STATE 61600: 0.998680970130273"
[1] "STATE 61700: 0.998658388166609"
[1] "STATE 61800: 0.998651182421579"
[1] "STATE 61900: 0.998628570973024"
[1] "STATE 62000: 0.998663233765555"
[1] "STATE 62100: 0.998663233765555"
[1] "STATE 62200: 0.998663233765555"
[1] "STATE 62300: 0.998601987247896"
[1] "STATE 62400: 0.998591578601902"
[1] "STATE 62500: 0.998591578601902"
[1] "STATE 62600: 0.998591578601902"
[1] "STATE 62700: 0.998614009555754"
[1] "STATE 62800: 0.998614009555754"
[1] "STATE 62900: 0.998614009555754"
[1] "STATE 63000: 0.998630079336258"
[1] "STATE 63100: 0.998703359039648"
[1] "STATE 63200: 0.998636353178605"
[1] "STATE 63300: 0.998636353178605"
[1] "STATE 63400: 0.998636353178605"
[1] "STATE 63500: 0.998636353178605"
[1] "STATE 63600: 0.998629201475825"
[1] "STATE 63700: 0.998630868681396"
[1] "STATE 63800: 0.998630868681396"
[1] "STATE 63900: 0.998630868681396"
[1] "STATE 64000: 0.998630868681396"
[1] "STATE 64100: 0.998648830587213"
[1] "STATE 64200: 0.998648830587213"
[1] "STATE 64300: 0.998648830587213"
[1] "STATE 64400: 0.998648830587213"
[1] "STATE 64500: 0.998648830587213"
[1] "STATE 64600: 0.998648830587213"
[1] "STATE 64700: 0.998648830587213"
[1] "STATE 64800: 0.998648830587213"
[1] "STATE 64900: 0.998678839384069"
[1] "STATE 65000: 0.998657338184762"
[1] "STATE 65100: 0.998657338184762"
[1] "STATE 65200: 0.998640338539811"
[1] "STATE 65300: 0.998640338539811"
[1] "STATE 65400: 0.998632178401567"
[1] "STATE 65500: 0.998638170723284"
[1] "STATE 65600: 0.998622701230732"
[1] "STATE 65700: 0.998622701230732"
[1] "STATE 65800: 0.998629772822033"
[1] "STATE 65900: 0.998629732485405"
[1] "STATE 66000: 0.99863465475564"
[1] "STATE 66100: 0.998672051369119"
[1] "STATE 66200: 0.998648266182194"
[1] "STATE 66300: 0.998648266182194"
[1] "STATE 66400: 0.998658358482248"
[1] "STATE 66500: 0.998596738922702"
[1] "STATE 66600: 0.998681324279191"
[1] "STATE 66700: 0.998681324279191"
[1] "STATE 66800: 0.998661330251835"
[1] "STATE 66900: 0.998601135119312"
[1] "STATE 67000: 0.998629178655238"
[1] "STATE 67100: 0.998629178655238"
[1] "STATE 67200: 0.998627499680166"
[1] "STATE 67300: 0.998643307690448"
[1] "STATE 67400: 0.998657468316472"
[1] "STATE 67500: 0.998620311234737"
[1] "STATE 67600: 0.998620311234737"
[1] "STATE 67700: 0.998620311234737"
[1] "STATE 67800: 0.998664304211395"
[1] "STATE 67900: 0.998664304211395"
[1] "STATE 68000: 0.998620864024744"
[1] "STATE 68100: 0.998620864024744"
[1] "STATE 68200: 0.998620733683299"
[1] "STATE 68300: 0.998604609173875"
[1] "STATE 68400: 0.998604609173875"
[1] "STATE 68500: 0.998650157012312"
[1] "STATE 68600: 0.998655210252122"
[1] "STATE 68700: 0.998662196465218"
[1] "STATE 68800: 0.998669929014306"
[1] "STATE 68900: 0.998635979688962"
[1] "STATE 69000: 0.998635979688962"
[1] "STATE 69100: 0.99860923570671"
[1] "STATE 69200: 0.998671892053784"
[1] "STATE 69300: 0.998671892053784"
[1] "STATE 69400: 0.99866261000114"
[1] "STATE 69500: 0.99866261000114"
[1] "STATE 69600: 0.998618024820417"
[1] "STATE 69700: 0.998593523403418"
[1] "STATE 69800: 0.998593523403418"
[1] "STATE 69900: 0.99865962166135"
[1] "STATE 70000: 0.998635670398266"
[1] "STATE 70100: 0.998649081517709"
[1] "STATE 70200: 0.998664079589078"
[1] "STATE 70300: 0.998685097511892"
[1] "STATE 70400: 0.99867597655012"
[1] "STATE 70500: 0.99862191552434"
[1] "STATE 70600: 0.998604550333387"
[1] "STATE 70700: 0.998637801436884"
[1] "STATE 70800: 0.998637801436884"
[1] "STATE 70900: 0.998613092443928"
[1] "STATE 71000: 0.998630391305458"
[1] "STATE 71100: 0.998669161621239"
[1] "STATE 71200: 0.998674697413406"
[1] "STATE 71300: 0.998674697413406"
[1] "STATE 71400: 0.998674697413406"
[1] "STATE 71500: 0.998604968261286"
[1] "STATE 71600: 0.998647419307652"
[1] "STATE 71700: 0.998651619767695"
[1] "STATE 71800: 0.99859419839105"
[1] "STATE 71900: 0.99859419839105"
[1] "STATE 72000: 0.998684895176407"
[1] "STATE 72100: 0.998608811731813"
[1] "STATE 72200: 0.998685326001123"
[1] "STATE 72300: 0.998685326001123"
[1] "STATE 72400: 0.998623499104978"
[1] "STATE 72500: 0.998624420661389"
[1] "STATE 72600: 0.998611595610618"
[1] "STATE 72700: 0.998681242151395"
[1] "STATE 72800: 0.998646355006545"
[1] "STATE 72900: 0.998646355006545"
[1] "STATE 73000: 0.998646355006545"
[1] "STATE 73100: 0.998646355006545"
[1] "STATE 73200: 0.998646355006545"
[1] "STATE 73300: 0.998642907653292"
[1] "STATE 73400: 0.998642907653292"
[1] "STATE 73500: 0.998653843686169"
[1] "STATE 73600: 0.998685366576062"
[1] "STATE 73700: 0.998661629144857"
[1] "STATE 73800: 0.99865192324253"
[1] "STATE 73900: 0.99865192324253"
[1] "STATE 74000: 0.998647079906595"
[1] "STATE 74100: 0.99862861189222"
[1] "STATE 74200: 0.998623312555725"
[1] "STATE 74300: 0.998626844364794"
[1] "STATE 74400: 0.998575382865138"
[1] "STATE 74500: 0.99860442637778"
[1] "STATE 74600: 0.998594731833825"
[1] "STATE 74700: 0.998670699189712"
[1] "STATE 74800: 0.998670956060096"
[1] "STATE 74900: 0.998626898710121"
[1] "STATE 75000: 0.998626898710121"
[1] "STATE 75100: 0.998634900668472"
[1] "STATE 75200: 0.998608915814074"
[1] "STATE 75300: 0.998608915814074"
[1] "STATE 75400: 0.998655779347731"
[1] "STATE 75500: 0.998655779347731"
[1] "STATE 75600: 0.998653011591368"
[1] "STATE 75700: 0.998653011591368"
[1] "STATE 75800: 0.998649198951661"
[1] "STATE 75900: 0.998649198951661"
[1] "STATE 76000: 0.998649198951661"
[1] "STATE 76100: 0.998649198951661"
[1] "STATE 76200: 0.998615924906494"
[1] "STATE 76300: 0.998615924906494"
[1] "STATE 76400: 0.998615924906494"
[1] "STATE 76500: 0.998615924906494"
[1] "STATE 76600: 0.998615924906494"
[1] "STATE 76700: 0.998635344601256"
[1] "STATE 76800: 0.998635344601256"
[1] "STATE 76900: 0.99864250285542"
[1] "STATE 77000: 0.998629935244527"
[1] "STATE 77100: 0.998643454903125"
[1] "STATE 77200: 0.998643454903125"
[1] "STATE 77300: 0.998672822139191"
[1] "STATE 77400: 0.998616349444034"
[1] "STATE 77500: 0.998616349444034"
[1] "STATE 77600: 0.998616349444034"
[1] "STATE 77700: 0.998665312405399"
[1] "STATE 77800: 0.99865536780785"
[1] "STATE 77900: 0.998638562100301"
[1] "STATE 78000: 0.99865145502645"
[1] "STATE 78100: 0.998675719246181"
[1] "STATE 78200: 0.998675719246181"
[1] "STATE 78300: 0.998645897765993"
[1] "STATE 78400: 0.998624701258985"
[1] "STATE 78500: 0.998624701258985"
[1] "STATE 78600: 0.99864039909772"
[1] "STATE 78700: 0.998624608030602"
[1] "STATE 78800: 0.998667811660973"
[1] "STATE 78900: 0.998667811660973"
[1] "STATE 79000: 0.998634301441424"
[1] "STATE 79100: 0.998634301441424"
[1] "STATE 79200: 0.998634301441424"
[1] "STATE 79300: 0.998642226366069"
[1] "STATE 79400: 0.998642226366069"
[1] "STATE 79500: 0.998602925394412"
[1] "STATE 79600: 0.998624716491512"
[1] "STATE 79700: 0.998624716491512"
[1] "STATE 79800: 0.99864772835829"
[1] "STATE 79900: 0.99864772835829"
[1] "STATE 80000: 0.99864772835829"
[1] "STATE 80100: 0.99864772835829"
[1] "STATE 80200: 0.998591654228497"
[1] "STATE 80300: 0.998632430694834"
[1] "STATE 80400: 0.998632430694834"
[1] "STATE 80500: 0.998632430694834"
[1] "STATE 80600: 0.998632430694834"
[1] "STATE 80700: 0.998668099128662"
[1] "STATE 80800: 0.998585783500754"
[1] "STATE 80900: 0.9986276787228"
[1] "STATE 81000: 0.9986276787228"
[1] "STATE 81100: 0.998622340765841"
[1] "STATE 81200: 0.998622340765841"
[1] "STATE 81300: 0.998622340765841"
[1] "STATE 81400: 0.998622340765841"
[1] "STATE 81500: 0.998622340765841"
[1] "STATE 81600: 0.998595595398065"
[1] "STATE 81700: 0.998667829082568"
[1] "STATE 81800: 0.998637271833006"
[1] "STATE 81900: 0.998637271833006"
[1] "STATE 82000: 0.998646439815083"
[1] "STATE 82100: 0.998646439815083"
[1] "STATE 82200: 0.998646439815083"
[1] "STATE 82300: 0.998646439815083"
[1] "STATE 82400: 0.998646439815083"
[1] "STATE 82500: 0.998646439815083"
[1] "STATE 82600: 0.998591361818276"
[1] "STATE 82700: 0.998686397142191"
[1] "STATE 82800: 0.998682134537292"
[1] "STATE 82900: 0.998682134537292"
[1] "STATE 83000: 0.998664419298346"
[1] "STATE 83100: 0.998641098769465"
[1] "STATE 83200: 0.998641098769465"
[1] "STATE 83300: 0.998606042799906"
[1] "STATE 83400: 0.998645034894216"
[1] "STATE 83500: 0.998658999144703"
[1] "STATE 83600: 0.998656343412654"
[1] "STATE 83700: 0.998656343412654"
[1] "STATE 83800: 0.998650063966781"
[1] "STATE 83900: 0.998602256273294"
[1] "STATE 84000: 0.998636316330492"
[1] "STATE 84100: 0.998630429018476"
[1] "STATE 84200: 0.998605441800856"
[1] "STATE 84300: 0.998605441800856"
[1] "STATE 84400: 0.998625403116536"
[1] "STATE 84500: 0.998681194650764"
[1] "STATE 84600: 0.998667089760829"
[1] "STATE 84700: 0.998672692362487"
[1] "STATE 84800: 0.998672692362487"
[1] "STATE 84900: 0.998614686475464"
[1] "STATE 85000: 0.998664683183165"
[1] "STATE 85100: 0.998674641212219"
[1] "STATE 85200: 0.99868174083616"
[1] "STATE 85300: 0.99862513301307"
[1] "STATE 85400: 0.998652219218983"
[1] "STATE 85500: 0.998652219218983"
[1] "STATE 85600: 0.998652219218983"
[1] "STATE 85700: 0.998647391242394"
[1] "STATE 85800: 0.99860611671516"
[1] "STATE 85900: 0.998655373375456"
[1] "STATE 86000: 0.998622361060546"
[1] "STATE 86100: 0.998622361060546"
[1] "STATE 86200: 0.998627385852291"
[1] "STATE 86300: 0.998627385852291"
[1] "STATE 86400: 0.99866290530961"
[1] "STATE 86500: 0.99866290530961"
[1] "STATE 86600: 0.99866290530961"
[1] "STATE 86700: 0.99866290530961"
[1] "STATE 86800: 0.998645846290903"
[1] "STATE 86900: 0.998648419123228"
[1] "STATE 87000: 0.998623378839423"
[1] "STATE 87100: 0.998623378839423"
[1] "STATE 87200: 0.99864688428117"
[1] "STATE 87300: 0.99864688428117"
[1] "STATE 87400: 0.99867928408128"
[1] "STATE 87500: 0.99867928408128"
[1] "STATE 87600: 0.998627234185535"
[1] "STATE 87700: 0.99862860045963"
[1] "STATE 87800: 0.998625629120527"
[1] "STATE 87900: 0.998625629120527"
[1] "STATE 88000: 0.998625629120527"
[1] "STATE 88100: 0.998625629120527"
[1] "STATE 88200: 0.998652141132634"
[1] "STATE 88300: 0.998652141132634"
[1] "STATE 88400: 0.998634635202432"
[1] "STATE 88500: 0.998617163667409"
[1] "STATE 88600: 0.998653953463065"
[1] "STATE 88700: 0.998625963820655"
[1] "STATE 88800: 0.998625963820655"
[1] "STATE 88900: 0.998625963820655"
[1] "STATE 89000: 0.998684823819408"
[1] "STATE 89100: 0.998653697195055"
[1] "STATE 89200: 0.998653697195055"
[1] "STATE 89300: 0.998653697195055"
[1] "STATE 89400: 0.998653697195055"
[1] "STATE 89500: 0.998673661030909"
[1] "STATE 89600: 0.998673661030909"
[1] "STATE 89700: 0.998645841685495"
[1] "STATE 89800: 0.998645841685495"
[1] "STATE 89900: 0.998645841685495"
[1] "STATE 90000: 0.998645841685495"
[1] "STATE 90100: 0.998631123073274"
[1] "STATE 90200: 0.998647020712559"
[1] "STATE 90300: 0.998614546829016"
[1] "STATE 90400: 0.998656736629573"
[1] "STATE 90500: 0.998656736629573"
[1] "STATE 90600: 0.998656736629573"
[1] "STATE 90700: 0.998656736629573"
[1] "STATE 90800: 0.998656736629573"
[1] "STATE 90900: 0.998656736629573"
[1] "STATE 91000: 0.998658672767782"
[1] "STATE 91100: 0.998658672767782"
[1] "STATE 91200: 0.998635461405937"
[1] "STATE 91300: 0.998635461405937"
[1] "STATE 91400: 0.998635461405937"
[1] "STATE 91500: 0.998627000361504"
[1] "STATE 91600: 0.998627000361504"
[1] "STATE 91700: 0.998627000361504"
[1] "STATE 91800: 0.998627000361504"
[1] "STATE 91900: 0.998607783352439"
[1] "STATE 92000: 0.99861654230522"
[1] "STATE 92100: 0.998630193427429"
[1] "STATE 92200: 0.998625599936242"
[1] "STATE 92300: 0.998625599936242"
[1] "STATE 92400: 0.998625599936242"
[1] "STATE 92500: 0.998671961980534"
[1] "STATE 92600: 0.998671961980534"
[1] "STATE 92700: 0.998665909992459"
[1] "STATE 92800: 0.998665909992459"
[1] "STATE 92900: 0.998665909992459"
[1] "STATE 93000: 0.998665909992459"
[1] "STATE 93100: 0.998665909992459"
[1] "STATE 93200: 0.998634079410108"
[1] "STATE 93300: 0.998628577500107"
[1] "STATE 93400: 0.998675273282294"
[1] "STATE 93500: 0.998606010507859"
[1] "STATE 93600: 0.998606010507859"
[1] "STATE 93700: 0.998683153131711"
[1] "STATE 93800: 0.998650952562315"
[1] "STATE 93900: 0.998650952562315"
[1] "STATE 94000: 0.998616858094915"
[1] "STATE 94100: 0.998616858094915"
[1] "STATE 94200: 0.998653015118063"
[1] "STATE 94300: 0.998653015118063"
[1] "STATE 94400: 0.998636244114438"
[1] "STATE 94500: 0.998650958243708"
[1] "STATE 94600: 0.9985675931132"
[1] "STATE 94700: 0.998660899337405"
[1] "STATE 94800: 0.998665839999784"
[1] "STATE 94900: 0.998628626491599"
[1] "STATE 95000: 0.998628626491599"
[1] "STATE 95100: 0.998634816402315"
[1] "STATE 95200: 0.99867634659308"
[1] "STATE 95300: 0.998599240345739"
[1] "STATE 95400: 0.998637993361711"
[1] "STATE 95500: 0.998609670959524"
[1] "STATE 95600: 0.998664950895681"
[1] "STATE 95700: 0.998664950895681"
[1] "STATE 95800: 0.998664950895681"
[1] "STATE 95900: 0.998613686864121"
[1] "STATE 96000: 0.998604994065755"
[1] "STATE 96100: 0.998630394374373"
[1] "STATE 96200: 0.998630394374373"
[1] "STATE 96300: 0.998658722169874"
[1] "STATE 96400: 0.998640083367843"
[1] "STATE 96500: 0.998678933829271"
[1] "STATE 96600: 0.998650830833594"
[1] "STATE 96700: 0.998650830833594"
[1] "STATE 96800: 0.998650830833594"
[1] "STATE 96900: 0.998624608762413"
[1] "STATE 97000: 0.998602326431385"
[1] "STATE 97100: 0.99864530285433"
[1] "STATE 97200: 0.998664881940065"
[1] "STATE 97300: 0.998664881940065"
[1] "STATE 97400: 0.998674897741066"
[1] "STATE 97500: 0.998674897741066"
[1] "STATE 97600: 0.998674897741066"
[1] "STATE 97700: 0.998674897741066"
[1] "STATE 97800: 0.998674897741066"
[1] "STATE 97900: 0.998676309371538"
[1] "STATE 98000: 0.998676309371538"
[1] "STATE 98100: 0.998637161324147"
[1] "STATE 98200: 0.998651984539387"
[1] "STATE 98300: 0.99860009343299"
[1] "STATE 98400: 0.998654514419966"
[1] "STATE 98500: 0.998666330913756"
[1] "STATE 98600: 0.998666330913756"
[1] "STATE 98700: 0.998666330913756"
[1] "STATE 98800: 0.998643265243685"
[1] "STATE 98900: 0.998637127983769"
[1] "STATE 99000: 0.998644013366294"
[1] "STATE 99100: 0.998643952048051"
[1] "STATE 99200: 0.998645411795251"
[1] "STATE 99300: 0.998700756329318"
[1] "STATE 99400: 0.998653663735469"
[1] "STATE 99500: 0.998624376489795"
[1] "STATE 99600: 0.998650118926353"
[1] "STATE 99700: 0.998601941606551"
[1] "STATE 99800: 0.998601941606551"
[1] "STATE 99900: 0.998601941606551"
[1] "STATE 100000: 0.998603863094661"
[1] "Acceptance: 0.0104998833346296"
null device 
          1 
null device 
          1 
